<?xml version="1.0" encoding="UTF-8"?>
<testng-results skipped="0" failed="0" ignored="0" total="1" passed="1">
  <reporter-output>
  </reporter-output>
  <suite name="Default suite" duration-ms="10367" started-at="2022-03-23T17:40:01 EDT" finished-at="2022-03-23T17:40:11 EDT">
    <groups>
    </groups>
    <test name="Default test" duration-ms="10367" started-at="2022-03-23T17:40:01 EDT" finished-at="2022-03-23T17:40:11 EDT">
      <class name="userJourney.ShopperJourney_Headless">
        <test-method status="PASS" signature="labSauceDemo()[pri:0, instance:userJourney.ShopperJourney_Headless@12c8a2c0]" name="labSauceDemo" duration-ms="10279" started-at="2022-03-23T17:40:01 EDT" finished-at="2022-03-23T17:40:11 EDT">
          <reporter-output>
          </reporter-output>
        </test-method> <!-- labSauceDemo -->
      </class> <!-- userJourney.ShopperJourney_Headless -->
    </test> <!-- Default test -->
  </suite> <!-- Default suite -->
</testng-results>
